<?xml version="1.0" encoding="UTF-8"?>
<testng-results skipped="0" failed="0" total="1" passed="1">
  <reporter-output>
  </reporter-output>
  <suite name="First.TestSelenium.NewTest" duration-ms="10573" started-at="2016-10-13T02:43:12Z" finished-at="2016-10-13T02:43:23Z">
    <groups>
    </groups>
    <test name="Command line test" duration-ms="10573" started-at="2016-10-13T02:43:12Z" finished-at="2016-10-13T02:43:23Z">
      <class name="First.TestSelenium.NewTest">
        <test-method status="PASS" signature="beforeTest()[pri:0, instance:First.TestSelenium.NewTest@6fb554cc]" name="beforeTest" is-config="true" duration-ms="3486" started-at="2016-10-13T10:43:12Z" finished-at="2016-10-13T10:43:15Z">
          <reporter-output>
          </reporter-output>
        </test-method> <!-- beforeTest -->
        <test-method status="PASS" signature="f()[pri:0, instance:First.TestSelenium.NewTest@6fb554cc]" name="f" duration-ms="5488" started-at="2016-10-13T10:43:15Z" finished-at="2016-10-13T10:43:21Z">
          <reporter-output>
          </reporter-output>
        </test-method> <!-- f -->
        <test-method status="PASS" signature="afterTest()[pri:0, instance:First.TestSelenium.NewTest@6fb554cc]" name="afterTest" is-config="true" duration-ms="1587" started-at="2016-10-13T10:43:21Z" finished-at="2016-10-13T10:43:23Z">
          <reporter-output>
          </reporter-output>
        </test-method> <!-- afterTest -->
      </class> <!-- First.TestSelenium.NewTest -->
    </test> <!-- Command line test -->
  </suite> <!-- First.TestSelenium.NewTest -->
</testng-results>
