<?xml version="1.0" encoding="UTF-8"?>
<testng-results skipped="0" failed="0" total="1" passed="1">
  <reporter-output>
  </reporter-output>
  <suite name="Default suite" duration-ms="9853" started-at="2016-09-30T09:52:26Z" finished-at="2016-09-30T09:52:36Z">
    <groups>
    </groups>
    <test name="Default test" duration-ms="9853" started-at="2016-09-30T09:52:26Z" finished-at="2016-09-30T09:52:36Z">
      <class name="First.TestSelenium.NewTest">
        <test-method status="PASS" signature="beforeTest()[pri:0, instance:First.TestSelenium.NewTest@23223dd8]" name="beforeTest" is-config="true" duration-ms="2977" started-at="2016-09-30T17:52:26Z" finished-at="2016-09-30T17:52:29Z">
          <reporter-output>
          </reporter-output>
        </test-method> <!-- beforeTest -->
        <test-method status="PASS" signature="f()[pri:0, instance:First.TestSelenium.NewTest@23223dd8]" name="f" duration-ms="5360" started-at="2016-09-30T17:52:29Z" finished-at="2016-09-30T17:52:34Z">
          <reporter-output>
          </reporter-output>
        </test-method> <!-- f -->
        <test-method status="PASS" signature="afterTest()[pri:0, instance:First.TestSelenium.NewTest@23223dd8]" name="afterTest" is-config="true" duration-ms="1500" started-at="2016-09-30T17:52:34Z" finished-at="2016-09-30T17:52:36Z">
          <reporter-output>
          </reporter-output>
        </test-method> <!-- afterTest -->
      </class> <!-- First.TestSelenium.NewTest -->
    </test> <!-- Default test -->
  </suite> <!-- Default suite -->
</testng-results>
