<?xml version="1.0" encoding="UTF-8"?>
<testng-results skipped="0" failed="0" total="1" passed="1">
  <reporter-output>
  </reporter-output>
  <suite name="Default suite" duration-ms="6023" started-at="2016-09-29T11:03:54Z" finished-at="2016-09-29T11:04:00Z">
    <groups>
    </groups>
    <test name="Default test" duration-ms="6023" started-at="2016-09-29T11:03:54Z" finished-at="2016-09-29T11:04:00Z">
      <class name="First.TestSelenium.NewTest">
        <test-method status="PASS" signature="beforeTest()[pri:0, instance:First.TestSelenium.NewTest@45c8e616]" name="beforeTest" is-config="true" duration-ms="4053" started-at="2016-09-29T19:03:54Z" finished-at="2016-09-29T19:03:58Z">
          <reporter-output>
          </reporter-output>
        </test-method> <!-- beforeTest -->
        <test-method status="PASS" signature="f()[pri:0, instance:First.TestSelenium.NewTest@45c8e616]" name="f" duration-ms="230" started-at="2016-09-29T19:03:58Z" finished-at="2016-09-29T19:03:58Z">
          <reporter-output>
          </reporter-output>
        </test-method> <!-- f -->
        <test-method status="PASS" signature="afterTest()[pri:0, instance:First.TestSelenium.NewTest@45c8e616]" name="afterTest" is-config="true" duration-ms="1726" started-at="2016-09-29T19:03:58Z" finished-at="2016-09-29T19:04:00Z">
          <reporter-output>
          </reporter-output>
        </test-method> <!-- afterTest -->
      </class> <!-- First.TestSelenium.NewTest -->
    </test> <!-- Default test -->
  </suite> <!-- Default suite -->
</testng-results>
